Arguments: 
  D:\apps\nodejs\node.exe D:\apps\Yarn\bin\yarn.js add --offline juice

PATH: 
  D:\apps\Anaconda3\DLLs;D:\apps\Anaconda3\Library\bin;D:\apps\Git\cygdrive\d\apps\anaconda3;D:\apps\Git\mingw64\bin;D:\apps\Git\usr\bin;C:\Users\Pratap Vardhan\bin;D:\apps\Git\cmd;D:\apps\cygwin64\bin;C:\Program Files\Docker\Docker\Resources\bin;C:\Program Files\ImageMagick-7.0.7-Q16;C:\Windows\system32;C:\Windows;C:\Windows\System32\Wbem;C:\Windows\System32\WindowsPowerShell\v1.0;C:\Program Files (x86)\Skype\Phone;C:\Program Files (x86)\Windows Kits\10\Windows Performance Toolkit;C:\ProgramData\chocolatey\bin;D:\apps\Yarn\bin;D:\apps\Microsoft VS Code\bin;D:\apps\nodejs;D:\apps\cygwin64\bin;C:\Program Files\Docker\Docker\Resources\bin;C:\Program Files\ImageMagick-7.0.7-Q16;C:\Windows\system32;C:\Windows;C:\Windows\System32\Wbem;C:\Windows\System32\WindowsPowerShell\v1.0;C:\Program Files (x86)\Skype\Phone;C:\Program Files (x86)\Windows Kits\10\Windows Performance Toolkit;C:\ProgramData\chocolatey\bin;D:\apps\nodejs;D:\apps\Yarn\bin;D:\apps\Microsoft VS Code\bin;C:\Program Files\Docker\Docker\Resources\bin;C:\Program Files\ImageMagick-7.0.7-Q16;C:\Windows\system32;C:\Windows;C:\Windows\System32\Wbem;C:\Windows\System32\WindowsPowerShell\v1.0;C:\Program Files (x86)\Skype\Phone;C:\Program Files (x86)\Windows Kits\10\Windows Performance Toolkit;C:\ProgramData\chocolatey\bin;D:\apps\nodejs;D:\apps\Yarn\bin;D:\apps\Microsoft VS Code\bin;C:\Users\Pratap Vardhan\AppData\Local\Microsoft\WindowsApps;D:\apps\Microsoft VS Code\bin;C:\Users\Pratap Vardhan\AppData\Local\Yarn\bin;D:\apps\Anaconda3\Scripts;D:\apps\Anaconda3;C:\Users\Pratap Vardhan\AppData\Roaming\npm

Yarn version: 
  1.5.1

Node version: 
  8.11.3

Platform: 
  win32 x64

npm manifest: 
  {
    "name": "pynode",
    "version": "1.0.0",
    "main": "index.js",
    "license": "UNLICENSED",
    "dependencies": {
      "minimist": "^1.2.0",
      "which": "^1.3.1",
      "ws": "^5.2.1"
    }
  }

yarn manifest: 
  No manifest

Lockfile: 
  # THIS IS AN AUTOGENERATED FILE. DO NOT EDIT THIS FILE DIRECTLY.
  # yarn lockfile v1
  
  
  async-limiter@~1.0.0:
    version "1.0.0"
    resolved "https://registry.yarnpkg.com/async-limiter/-/async-limiter-1.0.0.tgz#78faed8c3d074ab81f22b4e985d79e8738f720f8"
  
  isexe@^2.0.0:
    version "2.0.0"
    resolved "https://registry.yarnpkg.com/isexe/-/isexe-2.0.0.tgz#e8fbf374dc556ff8947a10dcb0572d633f2cfa10"
  
  minimist@^1.2.0:
    version "1.2.0"
    resolved "https://registry.yarnpkg.com/minimist/-/minimist-1.2.0.tgz#a35008b20f41383eec1fb914f4cd5df79a264284"
  
  which@^1.3.1:
    version "1.3.1"
    resolved "https://registry.yarnpkg.com/which/-/which-1.3.1.tgz#a45043d54f5805316da8d62f9f50918d3da70b0a"
    dependencies:
      isexe "^2.0.0"
  
  ws@^5.2.1:
    version "5.2.1"
    resolved "https://registry.yarnpkg.com/ws/-/ws-5.2.1.tgz#37827a0ba772d072a843c3615b0ad38bcdb354eb"
    dependencies:
      async-limiter "~1.0.0"

Trace: 
  Error: Couldn't find any versions for "juice" that matches "latest" in our cache (possible versions are ""). This is usually caused by a missing entry in the lockfile, running Yarn without the --offline flag may help fix this issue.
      at new MessageError (D:\apps\Yarn\lib\cli.js:186:110)
      at NpmResolver.<anonymous> (D:\apps\Yarn\lib\cli.js:51582:15)
      at Generator.next (<anonymous>)
      at step (D:\apps\Yarn\lib\cli.js:98:30)
      at D:\apps\Yarn\lib\cli.js:109:13
      at <anonymous>
