0 info it worked if it ends with ok
1 verbose cli [ 'node', '/usr/bin/npm', 'install' ]
2 info using npm@1.3.6
3 info using node@v0.10.48
4 verbose readDependencies using package.json deps
5 verbose install where, deps [ '/root/workdir/cpp/app',
5 verbose install   [ '@material-ui/core',
5 verbose install     'flow-bin',
5 verbose install     'http-proxy-middleware',
5 verbose install     'immer',
5 verbose install     'lodash',
5 verbose install     'luxon',
5 verbose install     'material-ui',
5 verbose install     'node-sass-chokidar',
5 verbose install     'npm-run-all',
5 verbose install     'react',
5 verbose install     'react-clipboard.js',
5 verbose install     'react-confirm',
5 verbose install     'react-dom',
5 verbose install     'react-redux',
5 verbose install     'react-scripts',
5 verbose install     'react-toastify',
5 verbose install     'redux-devtools-extension',
5 verbose install     'redux-saga',
5 verbose install     '@fortawesome/fontawesome-free' ] ]
6 info preinstall app@0.1.0
7 warn package.json babel-plugin-named-asset-import@0.3.4 No README data
8 warn package.json camel-case@3.0.0 No README data
9 warn package.json copy-descriptor@0.1.1 No README data
10 warn package.json eslint-module-utils@2.4.1 No README data
11 warn package.json get-value@2.0.6 No README data
12 warn package.json jest-config@24.9.0 No description
13 warn package.json jest-config@24.9.0 No README data
14 warn package.json jest-diff@24.9.0 No description
15 warn package.json jest-diff@24.9.0 No README data
16 warn package.json jest-environment-node@24.9.0 No description
17 warn package.json jest-environment-node@24.9.0 No README data
18 warn package.json jest-get-type@24.9.0 No README data
19 warn package.json jest-jasmine2@24.9.0 No description
20 warn package.json jest-jasmine2@24.9.0 No README data
21 warn package.json jest-environment-jsdom@24.9.0 No description
22 warn package.json jest-environment-jsdom@24.9.0 No README data
23 warn package.json jest-haste-map@24.9.0 No description
24 warn package.json jest-haste-map@24.9.0 No README data
25 warn package.json jest-message-util@24.9.0 No description
26 warn package.json jest-message-util@24.9.0 No README data
27 warn package.json jest-resolve@24.9.0 No description
28 warn package.json jest-resolve@24.9.0 No README data
29 warn package.json jest-resolve-dependencies@24.9.0 No description
30 warn package.json jest-resolve-dependencies@24.9.0 No README data
31 warn package.json jest-matcher-utils@24.9.0 No README data
32 warn package.json jest-runtime@24.9.0 No description
33 warn package.json jest-runtime@24.9.0 No README data
34 warn package.json jest-snapshot@24.9.0 No description
35 warn package.json jest-snapshot@24.9.0 No README data
36 warn package.json jest-runner@24.9.0 No description
37 warn package.json jest-runner@24.9.0 No README data
38 warn package.json jest-regex-util@24.9.0 No description
39 warn package.json jest-regex-util@24.9.0 No README data
40 warn package.json jest-watcher@24.9.0 No README data
41 warn package.json jest-util@24.9.0 No description
42 warn package.json jest-util@24.9.0 No README data
43 warn package.json loader-fs-cache@1.0.2 No repository field.
44 warn package.json loader-fs-cache@1.0.2 No README data
45 warn package.json mamacro@0.0.3 No description
46 warn package.json mamacro@0.0.3 No repository field.
47 warn package.json mamacro@0.0.3 No README data
48 warn package.json object-copy@0.1.0 No README data
49 warn package.json path-is-inside@1.0.2 No README data
50 warn package.json setimmediate@1.0.5 No README data
51 warn package.json static-extend@0.1.2 No README data
52 warn package.json typescript-logic@0.0.0 No README data
53 warn package.json typescript-compare@0.0.2 No README data
54 warn package.json dotenv-expand@5.1.0 No repository field.
55 warn package.json rework-visit@1.0.0 No repository field.
56 verbose readDependencies using package.json deps
57 verbose already installed skipping react-dom@^16.12.0 /root/workdir/cpp/app
58 verbose already installed skipping react-redux@^7.1.3 /root/workdir/cpp/app
59 verbose already installed skipping react-scripts@3.2.0 /root/workdir/cpp/app
60 verbose already installed skipping react-toastify@^5.4.1 /root/workdir/cpp/app
61 verbose already installed skipping redux-devtools-extension@^2.13.8 /root/workdir/cpp/app
62 verbose already installed skipping redux-saga@^1.1.3 /root/workdir/cpp/app
63 verbose cache add [ '@fortawesome/fontawesome-free@^5.11.2', null ]
64 verbose cache add name=undefined spec="@fortawesome/fontawesome-free@^5.11.2" args=["@fortawesome/fontawesome-free@^5.11.2",null]
65 verbose parsed url { protocol: null,
65 verbose parsed url   slashes: null,
65 verbose parsed url   auth: null,
65 verbose parsed url   host: null,
65 verbose parsed url   port: null,
65 verbose parsed url   hostname: null,
65 verbose parsed url   hash: null,
65 verbose parsed url   search: null,
65 verbose parsed url   query: null,
65 verbose parsed url   pathname: '@fortawesome/fontawesome-free@^5.11.2',
65 verbose parsed url   path: '@fortawesome/fontawesome-free@^5.11.2',
65 verbose parsed url   href: '@fortawesome/fontawesome-free@^5.11.2' }
66 verbose cache add name="" spec="fortawesome/fontawesome-free@^5.11.2" args=["","fortawesome/fontawesome-free@^5.11.2"]
67 verbose parsed url { protocol: null,
67 verbose parsed url   slashes: null,
67 verbose parsed url   auth: null,
67 verbose parsed url   host: null,
67 verbose parsed url   port: null,
67 verbose parsed url   hostname: null,
67 verbose parsed url   hash: null,
67 verbose parsed url   search: null,
67 verbose parsed url   query: null,
67 verbose parsed url   pathname: 'fortawesome/fontawesome-free@^5.11.2',
67 verbose parsed url   path: 'fortawesome/fontawesome-free@^5.11.2',
67 verbose parsed url   href: 'fortawesome/fontawesome-free@^5.11.2' }
68 verbose cache add name="fortawesome/fontawesome-free" spec="^5.11.2" args=["fortawesome/fontawesome-free","^5.11.2"]
69 verbose parsed url { protocol: null,
69 verbose parsed url   slashes: null,
69 verbose parsed url   auth: null,
69 verbose parsed url   host: null,
69 verbose parsed url   port: null,
69 verbose parsed url   hostname: null,
69 verbose parsed url   hash: null,
69 verbose parsed url   search: null,
69 verbose parsed url   query: null,
69 verbose parsed url   pathname: '^5.11.2',
69 verbose parsed url   path: '^5.11.2',
69 verbose parsed url   href: '^5.11.2' }
70 verbose addNamed [ 'fortawesome/fontawesome-free', '^5.11.2' ]
71 verbose addNamed [ null, '>=5.11.2-0 <6.0.0-0' ]
72 silly lockFile 97a59f2e-tawesome-fontawesome-free-5-11-2 fortawesome/fontawesome-free@^5.11.2
73 verbose lock fortawesome/fontawesome-free@^5.11.2 /root/.npm/97a59f2e-tawesome-fontawesome-free-5-11-2.lock
74 silly addNameRange { name: 'fortawesome/fontawesome-free',
74 silly addNameRange   range: '>=5.11.2-0 <6.0.0-0',
74 silly addNameRange   hasData: false }
75 verbose url raw fortawesome/fontawesome-free
76 verbose url resolving [ 'https://registry.npmjs.org/',
76 verbose url resolving   './fortawesome/fontawesome-free' ]
77 verbose url resolved https://registry.npmjs.org/fortawesome/fontawesome-free
78 info trying registry request attempt 1 at 14:10:59
79 http GET https://registry.npmjs.org/fortawesome/fontawesome-free
80 info retry will retry, error on last attempt: Error: CERT_UNTRUSTED
81 verbose cache add [ '@material-ui/core@^4.6.1', null ]
82 verbose cache add name=undefined spec="@material-ui/core@^4.6.1" args=["@material-ui/core@^4.6.1",null]
83 verbose parsed url { protocol: null,
83 verbose parsed url   slashes: null,
83 verbose parsed url   auth: null,
83 verbose parsed url   host: null,
83 verbose parsed url   port: null,
83 verbose parsed url   hostname: null,
83 verbose parsed url   hash: null,
83 verbose parsed url   search: null,
83 verbose parsed url   query: null,
83 verbose parsed url   pathname: '@material-ui/core@^4.6.1',
83 verbose parsed url   path: '@material-ui/core@^4.6.1',
83 verbose parsed url   href: '@material-ui/core@^4.6.1' }
84 verbose cache add name="" spec="material-ui/core@^4.6.1" args=["","material-ui/core@^4.6.1"]
85 verbose parsed url { protocol: null,
85 verbose parsed url   slashes: null,
85 verbose parsed url   auth: null,
85 verbose parsed url   host: null,
85 verbose parsed url   port: null,
85 verbose parsed url   hostname: null,
85 verbose parsed url   hash: null,
85 verbose parsed url   search: null,
85 verbose parsed url   query: null,
85 verbose parsed url   pathname: 'material-ui/core@^4.6.1',
85 verbose parsed url   path: 'material-ui/core@^4.6.1',
85 verbose parsed url   href: 'material-ui/core@^4.6.1' }
86 verbose cache add name="material-ui/core" spec="^4.6.1" args=["material-ui/core","^4.6.1"]
87 verbose parsed url { protocol: null,
87 verbose parsed url   slashes: null,
87 verbose parsed url   auth: null,
87 verbose parsed url   host: null,
87 verbose parsed url   port: null,
87 verbose parsed url   hostname: null,
87 verbose parsed url   hash: null,
87 verbose parsed url   search: null,
87 verbose parsed url   query: null,
87 verbose parsed url   pathname: '^4.6.1',
87 verbose parsed url   path: '^4.6.1',
87 verbose parsed url   href: '^4.6.1' }
88 verbose addNamed [ 'material-ui/core', '^4.6.1' ]
89 verbose addNamed [ null, '>=4.6.1-0 <5.0.0-0' ]
90 silly lockFile e6f64baa-material-ui-core-4-6-1 material-ui/core@^4.6.1
91 verbose lock material-ui/core@^4.6.1 /root/.npm/e6f64baa-material-ui-core-4-6-1.lock
92 verbose already installed skipping flow-bin@^0.112.0 /root/workdir/cpp/app
93 verbose already installed skipping http-proxy-middleware@^0.20.0 /root/workdir/cpp/app
94 verbose already installed skipping immer@^5.0.0 /root/workdir/cpp/app
95 silly addNameRange { name: 'material-ui/core',
95 silly addNameRange   range: '>=4.6.1-0 <5.0.0-0',
95 silly addNameRange   hasData: false }
96 verbose already installed skipping lodash@^4.17.15 /root/workdir/cpp/app
97 verbose url raw material-ui/core
98 verbose url resolving [ 'https://registry.npmjs.org/', './material-ui/core' ]
99 verbose url resolved https://registry.npmjs.org/material-ui/core
100 info trying registry request attempt 1 at 14:10:59
101 http GET https://registry.npmjs.org/material-ui/core
102 verbose already installed skipping luxon@^1.21.2 /root/workdir/cpp/app
103 verbose already installed skipping material-ui@^0.20.2 /root/workdir/cpp/app
104 verbose already installed skipping node-sass-chokidar@^1.4.0 /root/workdir/cpp/app
105 verbose already installed skipping npm-run-all@^4.1.5 /root/workdir/cpp/app
106 verbose already installed skipping react@^16.12.0 /root/workdir/cpp/app
107 verbose already installed skipping react-clipboard.js@^2.0.16 /root/workdir/cpp/app
108 verbose already installed skipping react-confirm@^0.1.18 /root/workdir/cpp/app
109 info retry will retry, error on last attempt: Error: CERT_UNTRUSTED
110 info trying registry request attempt 2 at 14:11:09
111 http GET https://registry.npmjs.org/fortawesome/fontawesome-free
112 info trying registry request attempt 2 at 14:11:09
113 http GET https://registry.npmjs.org/material-ui/core
114 info retry will retry, error on last attempt: Error: CERT_UNTRUSTED
115 info retry will retry, error on last attempt: Error: CERT_UNTRUSTED
116 info trying registry request attempt 3 at 14:12:09
117 http GET https://registry.npmjs.org/fortawesome/fontawesome-free
118 info trying registry request attempt 3 at 14:12:09
119 http GET https://registry.npmjs.org/material-ui/core
120 silly lockFile 97a59f2e-tawesome-fontawesome-free-5-11-2 fortawesome/fontawesome-free@^5.11.2
121 silly lockFile 97a59f2e-tawesome-fontawesome-free-5-11-2 fortawesome/fontawesome-free@^5.11.2
122 error Error: CERT_UNTRUSTED
122 error     at SecurePair.<anonymous> (tls.js:1430:32)
122 error     at SecurePair.emit (events.js:92:17)
122 error     at SecurePair.maybeInitFinished (tls.js:1029:10)
122 error     at CleartextStream.read [as _read] (tls.js:521:13)
122 error     at CleartextStream.Readable.read (_stream_readable.js:341:10)
122 error     at EncryptedStream.write [as _write] (tls.js:418:25)
122 error     at doWrite (_stream_writable.js:226:10)
122 error     at writeOrBuffer (_stream_writable.js:216:5)
122 error     at EncryptedStream.Writable.write (_stream_writable.js:183:11)
122 error     at write (_stream_readable.js:602:24)
123 error If you need help, you may report this log at:
123 error     <http://github.com/isaacs/npm/issues>
123 error or email it to:
123 error     <npm-@googlegroups.com>
124 error System Linux 4.19.0-6-amd64
125 error command "node" "/usr/bin/npm" "install"
126 error cwd /root/workdir/cpp/app
127 error node -v v0.10.48
128 error npm -v 1.3.6
129 verbose exit [ 1, true ]
